# JRE version: Java(TM) SE Runtime Environment (8.0_77-b03) (build 1.8.0_77-b03)
# Java VM: Java HotSpot(TM) 64-Bit Server VM (25.77-b03 mixed mode windows-amd64 compressed oops)
Heap:
 PSYoungGen      total 270848K, used 2148K [0x000000076b580000, 0x0000000784500000, 0x00000007c0000000)
  eden space 260096K, 0% used [0x000000076b580000,0x000000076b799360,0x000000077b380000)
  from space 10752K, 0% used [0x000000077b380000,0x000000077b380000,0x000000077be00000)
  to   space 72704K, 0% used [0x000000077fe00000,0x000000077fe00000,0x0000000784500000)
 ParOldGen       total 326144K, used 99746K [0x00000006c2000000, 0x00000006d5e80000, 0x000000076b580000)
  object space 326144K, 30% used [0x00000006c2000000,0x00000006c8168b38,0x00000006d5e80000)
 Metaspace       used 29964K, capacity 30808K, committed 32384K, reserved 1077248K
  class space    used 3436K, capacity 3675K, committed 3968K, reserved 1048576K
GC Heap History (10 events):
Event: 1.865 GC heap before
{Heap before GC invocations=3 (full 0):
 PSYoungGen      total 140800K, used 115107K [0x000000076b580000, 0x0000000774980000, 0x00000007c0000000)
  eden space 130048K, 80% used [0x000000076b580000,0x0000000771ba23f0,0x0000000773480000)
  from space 10752K, 97% used [0x0000000773f00000,0x0000000774946b78,0x0000000774980000)
  to   space 10752K, 0% used [0x0000000773480000,0x0000000773480000,0x0000000773f00000)
 ParOldGen       total 173568K, used 24K [0x00000006c2000000, 0x00000006cc980000, 0x000000076b580000)
  object space 173568K, 0% used [0x00000006c2000000,0x00000006c2006000,0x00000006cc980000)
 Metaspace       used 20699K, capacity 21096K, committed 21296K, reserved 1069056K
  class space    used 2500K, capacity 2618K, committed 2688K, reserved 1048576K
Event: 1.885 GC heap after
Heap after GC invocations=3 (full 0):
 PSYoungGen      total 140800K, used 10744K [0x000000076b580000, 0x000000077c880000, 0x00000007c0000000)
  eden space 130048K, 0% used [0x000000076b580000,0x000000076b580000,0x0000000773480000)
  from space 10752K, 99% used [0x0000000773480000,0x0000000773efe070,0x0000000773f00000)
  to   space 10752K, 0% used [0x000000077be00000,0x000000077be00000,0x000000077c880000)
 ParOldGen       total 173568K, used 3443K [0x00000006c2000000, 0x00000006cc980000, 0x000000076b580000)
  object space 173568K, 1% used [0x00000006c2000000,0x00000006c235cf80,0x00000006cc980000)
 Metaspace       used 20699K, capacity 21096K, committed 21296K, reserved 1069056K
  class space    used 2500K, capacity 2618K, committed 2688K, reserved 1048576K
}
Event: 1.886 GC heap before
{Heap before GC invocations=4 (full 1):
 PSYoungGen      total 140800K, used 10744K [0x000000076b580000, 0x000000077c880000, 0x00000007c0000000)
  eden space 130048K, 0% used [0x000000076b580000,0x000000076b580000,0x0000000773480000)
  from space 10752K, 99% used [0x0000000773480000,0x0000000773efe070,0x0000000773f00000)
  to   space 10752K, 0% used [0x000000077be00000,0x000000077be00000,0x000000077c880000)
 ParOldGen       total 173568K, used 3443K [0x00000006c2000000, 0x00000006cc980000, 0x000000076b580000)
  object space 173568K, 1% used [0x00000006c2000000,0x00000006c235cf80,0x00000006cc980000)
 Metaspace       used 20699K, capacity 21096K, committed 21296K, reserved 1069056K
  class space    used 2500K, capacity 2618K, committed 2688K, reserved 1048576K
Event: 1.944 GC heap after
Heap after GC invocations=4 (full 1):
 PSYoungGen      total 140800K, used 0K [0x000000076b580000, 0x000000077c880000, 0x00000007c0000000)
  eden space 130048K, 0% used [0x000000076b580000,0x000000076b580000,0x0000000773480000)
  from space 10752K, 0% used [0x0000000773480000,0x0000000773480000,0x0000000773f00000)
  to   space 10752K, 0% used [0x000000077be00000,0x000000077be00000,0x000000077c880000)
 ParOldGen       total 120320K, used 14025K [0x00000006c2000000, 0x00000006c9580000, 0x000000076b580000)
  object space 120320K, 11% used [0x00000006c2000000,0x00000006c2db2440,0x00000006c9580000)
 Metaspace       used 20699K, capacity 21096K, committed 21296K, reserved 1069056K
  class space    used 2500K, capacity 2618K, committed 2688K, reserved 1048576K
}
Event: 2.790 GC heap before
{Heap before GC invocations=5 (full 1):
 PSYoungGen      total 140800K, used 130048K [0x000000076b580000, 0x000000077c880000, 0x00000007c0000000)
  eden space 130048K, 100% used [0x000000076b580000,0x0000000773480000,0x0000000773480000)
  from space 10752K, 0% used [0x0000000773480000,0x0000000773480000,0x0000000773f00000)
  to   space 10752K, 0% used [0x000000077be00000,0x000000077be00000,0x000000077c880000)
 ParOldGen       total 120320K, used 14025K [0x00000006c2000000, 0x00000006c9580000, 0x000000076b580000)
  object space 120320K, 11% used [0x00000006c2000000,0x00000006c2db2440,0x00000006c9580000)
 Metaspace       used 24293K, capacity 24956K, committed 25088K, reserved 1071104K
  class space    used 2843K, capacity 3006K, committed 3072K, reserved 1048576K
Event: 2.811 GC heap after
Heap after GC invocations=5 (full 1):
 PSYoungGen      total 197120K, used 10745K [0x000000076b580000, 0x000000077c880000, 0x00000007c0000000)
  eden space 186368K, 0% used [0x000000076b580000,0x000000076b580000,0x0000000776b80000)
  from space 10752K, 99% used [0x000000077be00000,0x000000077c87e420,0x000000077c880000)
  to   space 10752K, 0% used [0x000000077b380000,0x000000077b380000,0x000000077be00000)
 ParOldGen       total 120320K, used 22837K [0x00000006c2000000, 0x00000006c9580000, 0x000000076b580000)
  object space 120320K, 18% used [0x00000006c2000000,0x00000006c364d7e8,0x00000006c9580000)
 Metaspace       used 24293K, capacity 24956K, committed 25088K, reserved 1071104K
  class space    used 2843K, capacity 3006K, committed 3072K, reserved 1048576K
}
Event: 4.489 GC heap before
{Heap before GC invocations=6 (full 1):
 PSYoungGen      total 197120K, used 194416K [0x000000076b580000, 0x000000077c880000, 0x00000007c0000000)
  eden space 186368K, 98% used [0x000000076b580000,0x00000007768ddbe0,0x0000000776b80000)
  from space 10752K, 99% used [0x000000077be00000,0x000000077c87e420,0x000000077c880000)
  to   space 10752K, 0% used [0x000000077b380000,0x000000077b380000,0x000000077be00000)
 ParOldGen       total 120320K, used 32603K [0x00000006c2000000, 0x00000006c9580000, 0x000000076b580000)
  object space 120320K, 27% used [0x00000006c2000000,0x00000006c3fd6e78,0x00000006c9580000)
 Metaspace       used 31144K, capacity 32104K, committed 32384K, reserved 1077248K
  class space    used 3588K, capacity 3850K, committed 3968K, reserved 1048576K
Event: 4.519 GC heap after
Heap after GC invocations=6 (full 1):
 PSYoungGen      total 270848K, used 10730K [0x000000076b580000, 0x0000000784500000, 0x00000007c0000000)
  eden space 260096K, 0% used [0x000000076b580000,0x000000076b580000,0x000000077b380000)
  from space 10752K, 99% used [0x000000077b380000,0x000000077bdfabb0,0x000000077be00000)
  to   space 72704K, 0% used [0x000000077fe00000,0x000000077fe00000,0x0000000784500000)
 ParOldGen       total 120320K, used 113861K [0x00000006c2000000, 0x00000006c9580000, 0x000000076b580000)
  object space 120320K, 94% used [0x00000006c2000000,0x00000006c8f316b0,0x00000006c9580000)
 Metaspace       used 31144K, capacity 32104K, committed 32384K, reserved 1077248K
  class space    used 3588K, capacity 3850K, committed 3968K, reserved 1048576K
}
Event: 4.519 GC heap before
{Heap before GC invocations=7 (full 2):
 PSYoungGen      total 270848K, used 10730K [0x000000076b580000, 0x0000000784500000, 0x00000007c0000000)
  eden space 260096K, 0% used [0x000000076b580000,0x000000076b580000,0x000000077b380000)
  from space 10752K, 99% used [0x000000077b380000,0x000000077bdfabb0,0x000000077be00000)
  to   space 72704K, 0% used [0x000000077fe00000,0x000000077fe00000,0x0000000784500000)
 ParOldGen       total 120320K, used 113861K [0x00000006c2000000, 0x00000006c9580000, 0x000000076b580000)
  object space 120320K, 94% used [0x00000006c2000000,0x00000006c8f316b0,0x00000006c9580000)
 Metaspace       used 31144K, capacity 32104K, committed 32384K, reserved 1077248K
  class space    used 3588K, capacity 3850K, committed 3968K, reserved 1048576K
Event: 4.613 GC heap after
Heap after GC invocations=7 (full 2):
 PSYoungGen      total 270848K, used 0K [0x000000076b580000, 0x0000000784500000, 0x00000007c0000000)
  eden space 260096K, 0% used [0x000000076b580000,0x000000076b580000,0x000000077b380000)
  from space 10752K, 0% used [0x000000077b380000,0x000000077b380000,0x000000077be00000)
  to   space 72704K, 0% used [0x000000077fe00000,0x000000077fe00000,0x0000000784500000)
 ParOldGen       total 326144K, used 99746K [0x00000006c2000000, 0x00000006d5e80000, 0x000000076b580000)
  object space 326144K, 30% used [0x00000006c2000000,0x00000006c8168b38,0x00000006d5e80000)
 Metaspace       used 29960K, capacity 30808K, committed 32384K, reserved 1077248K
  class space    used 3436K, capacity 3675K, committed 3968K, reserved 1048576K
}

