# JRE version: Java(TM) SE Runtime Environment (8.0_77-b03) (build 1.8.0_77-b03)
# Java VM: Java HotSpot(TM) 64-Bit Server VM (25.77-b03 mixed mode windows-amd64 compressed oops)
Heap:
 PSYoungGen      total 270848K, used 269297K [0x000000076b580000, 0x000000077de80000, 0x00000007c0000000)
  eden space 260096K, 99% used [0x000000076b580000,0x000000077b202d10,0x000000077b380000)
  from space 10752K, 99% used [0x000000077b380000,0x000000077bdf97d8,0x000000077be00000)
  to   space 19456K, 99% used [0x000000077cb80000,0x000000077de7b308,0x000000077de80000)
 ParOldGen       total 119296K, used 50335K [0x00000006c2000000, 0x00000006c9480000, 0x000000076b580000)
  object space 119296K, 42% used [0x00000006c2000000,0x00000006c5127ec0,0x00000006c9480000)
 Metaspace       used 32140K, capacity 33144K, committed 33408K, reserved 1079296K
  class space    used 3701K, capacity 3960K, committed 3968K, reserved 1048576K
GC Heap History (10 events):
Event: 2.036 GC heap after
Heap after GC invocations=2 (full 0):
 PSYoungGen      total 140800K, used 10330K [0x000000076b580000, 0x0000000774980000, 0x00000007c0000000)
  eden space 130048K, 0% used [0x000000076b580000,0x000000076b580000,0x0000000773480000)
  from space 10752K, 96% used [0x0000000773f00000,0x0000000774916b78,0x0000000774980000)
  to   space 10752K, 0% used [0x0000000773480000,0x0000000773480000,0x0000000773f00000)
 ParOldGen       total 173568K, used 24K [0x00000006c2000000, 0x00000006cc980000, 0x000000076b580000)
  object space 173568K, 0% used [0x00000006c2000000,0x00000006c2006000,0x00000006cc980000)
 Metaspace       used 15555K, capacity 15904K, committed 16128K, reserved 1062912K
  class space    used 1880K, capacity 1978K, committed 2048K, reserved 1048576K
}
Event: 3.569 GC heap before
{Heap before GC invocations=3 (full 0):
 PSYoungGen      total 140800K, used 93055K [0x000000076b580000, 0x0000000774980000, 0x00000007c0000000)
  eden space 130048K, 63% used [0x000000076b580000,0x0000000770649348,0x0000000773480000)
  from space 10752K, 96% used [0x0000000773f00000,0x0000000774916b78,0x0000000774980000)
  to   space 10752K, 0% used [0x0000000773480000,0x0000000773480000,0x0000000773f00000)
 ParOldGen       total 173568K, used 24K [0x00000006c2000000, 0x00000006cc980000, 0x000000076b580000)
  object space 173568K, 0% used [0x00000006c2000000,0x00000006c2006000,0x00000006cc980000)
 Metaspace       used 20663K, capacity 21122K, committed 21296K, reserved 1069056K
  class space    used 2506K, capacity 2649K, committed 2688K, reserved 1048576K
Event: 3.584 GC heap after
Heap after GC invocations=3 (full 0):
 PSYoungGen      total 140800K, used 10728K [0x000000076b580000, 0x000000077c880000, 0x00000007c0000000)
  eden space 130048K, 0% used [0x000000076b580000,0x000000076b580000,0x0000000773480000)
  from space 10752K, 99% used [0x0000000773480000,0x0000000773efa060,0x0000000773f00000)
  to   space 10752K, 0% used [0x000000077be00000,0x000000077be00000,0x000000077c880000)
 ParOldGen       total 173568K, used 2688K [0x00000006c2000000, 0x00000006cc980000, 0x000000076b580000)
  object space 173568K, 1% used [0x00000006c2000000,0x00000006c22a0238,0x00000006cc980000)
 Metaspace       used 20663K, capacity 21122K, committed 21296K, reserved 1069056K
  class space    used 2506K, capacity 2649K, committed 2688K, reserved 1048576K
}
Event: 3.585 GC heap before
{Heap before GC invocations=4 (full 1):
 PSYoungGen      total 140800K, used 10728K [0x000000076b580000, 0x000000077c880000, 0x00000007c0000000)
  eden space 130048K, 0% used [0x000000076b580000,0x000000076b580000,0x0000000773480000)
  from space 10752K, 99% used [0x0000000773480000,0x0000000773efa060,0x0000000773f00000)
  to   space 10752K, 0% used [0x000000077be00000,0x000000077be00000,0x000000077c880000)
 ParOldGen       total 173568K, used 2688K [0x00000006c2000000, 0x00000006cc980000, 0x000000076b580000)
  object space 173568K, 1% used [0x00000006c2000000,0x00000006c22a0238,0x00000006cc980000)
 Metaspace       used 20663K, capacity 21122K, committed 21296K, reserved 1069056K
  class space    used 2506K, capacity 2649K, committed 2688K, reserved 1048576K
Event: 3.642 GC heap after
Heap after GC invocations=4 (full 1):
 PSYoungGen      total 140800K, used 0K [0x000000076b580000, 0x000000077c880000, 0x00000007c0000000)
  eden space 130048K, 0% used [0x000000076b580000,0x000000076b580000,0x0000000773480000)
  from space 10752K, 0% used [0x0000000773480000,0x0000000773480000,0x0000000773f00000)
  to   space 10752K, 0% used [0x000000077be00000,0x000000077be00000,0x000000077c880000)
 ParOldGen       total 119296K, used 13289K [0x00000006c2000000, 0x00000006c9480000, 0x000000076b580000)
  object space 119296K, 11% used [0x00000006c2000000,0x00000006c2cfa410,0x00000006c9480000)
 Metaspace       used 20663K, capacity 21122K, committed 21296K, reserved 1069056K
  class space    used 2506K, capacity 2649K, committed 2688K, reserved 1048576K
}
Event: 5.283 GC heap before
{Heap before GC invocations=5 (full 1):
 PSYoungGen      total 140800K, used 130048K [0x000000076b580000, 0x000000077c880000, 0x00000007c0000000)
  eden space 130048K, 100% used [0x000000076b580000,0x0000000773480000,0x0000000773480000)
  from space 10752K, 0% used [0x0000000773480000,0x0000000773480000,0x0000000773f00000)
  to   space 10752K, 0% used [0x000000077be00000,0x000000077be00000,0x000000077c880000)
 ParOldGen       total 119296K, used 13289K [0x00000006c2000000, 0x00000006c9480000, 0x000000076b580000)
  object space 119296K, 11% used [0x00000006c2000000,0x00000006c2cfa410,0x00000006c9480000)
 Metaspace       used 22188K, capacity 22594K, committed 22960K, reserved 1069056K
  class space    used 2622K, capacity 2713K, committed 2816K, reserved 1048576K
Event: 5.294 GC heap after
Heap after GC invocations=5 (full 1):
 PSYoungGen      total 192512K, used 10744K [0x000000076b580000, 0x000000077c880000, 0x00000007c0000000)
  eden space 181760K, 0% used [0x000000076b580000,0x000000076b580000,0x0000000776700000)
  from space 10752K, 99% used [0x000000077be00000,0x000000077c87e0b0,0x000000077c880000)
  to   space 10752K, 0% used [0x000000077b380000,0x000000077b380000,0x000000077be00000)
 ParOldGen       total 119296K, used 17266K [0x00000006c2000000, 0x00000006c9480000, 0x000000076b580000)
  object space 119296K, 14% used [0x00000006c2000000,0x00000006c30dc8a0,0x00000006c9480000)
 Metaspace       used 22188K, capacity 22594K, committed 22960K, reserved 1069056K
  class space    used 2622K, capacity 2713K, committed 2816K, reserved 1048576K
}
Event: 6.272 GC heap before
{Heap before GC invocations=6 (full 1):
 PSYoungGen      total 192512K, used 192504K [0x000000076b580000, 0x000000077c880000, 0x00000007c0000000)
  eden space 181760K, 100% used [0x000000076b580000,0x0000000776700000,0x0000000776700000)
  from space 10752K, 99% used [0x000000077be00000,0x000000077c87e0b0,0x000000077c880000)
  to   space 10752K, 0% used [0x000000077b380000,0x000000077b380000,0x000000077be00000)
 ParOldGen       total 119296K, used 17266K [0x00000006c2000000, 0x00000006c9480000, 0x000000076b580000)
  object space 119296K, 14% used [0x00000006c2000000,0x00000006c30dc8a0,0x00000006c9480000)
 Metaspace       used 24163K, capacity 24834K, committed 25088K, reserved 1071104K
  class space    used 2840K, capacity 3007K, committed 3072K, reserved 1048576K
Event: 6.295 GC heap after
Heap after GC invocations=6 (full 1):
 PSYoungGen      total 270848K, used 10725K [0x000000076b580000, 0x000000077de80000, 0x00000007c0000000)
  eden space 260096K, 0% used [0x000000076b580000,0x000000076b580000,0x000000077b380000)
  from space 10752K, 99% used [0x000000077b380000,0x000000077bdf97d8,0x000000077be00000)
  to   space 19456K, 0% used [0x000000077cb80000,0x000000077cb80000,0x000000077de80000)
 ParOldGen       total 119296K, used 24624K [0x00000006c2000000, 0x00000006c9480000, 0x000000076b580000)
  object space 119296K, 20% used [0x00000006c2000000,0x00000006c380c070,0x00000006c9480000)
 Metaspace       used 24163K, capacity 24834K, committed 25088K, reserved 1071104K
  class space    used 2840K, capacity 3007K, committed 3072K, reserved 1048576K
}
Event: 10.673 GC heap before
{Heap before GC invocations=7 (full 1):
 PSYoungGen      total 270848K, used 269297K [0x000000076b580000, 0x000000077de80000, 0x00000007c0000000)
  eden space 260096K, 99% used [0x000000076b580000,0x000000077b202d10,0x000000077b380000)
  from space 10752K, 99% used [0x000000077b380000,0x000000077bdf97d8,0x000000077be00000)
  to   space 19456K, 0% used [0x000000077cb80000,0x000000077cb80000,0x000000077de80000)
 ParOldGen       total 119296K, used 24624K [0x00000006c2000000, 0x00000006c9480000, 0x000000076b580000)
  object space 119296K, 20% used [0x00000006c2000000,0x00000006c380c070,0x00000006c9480000)
 Metaspace       used 32140K, capacity 33144K, committed 33408K, reserved 1079296K
  class space    used 3701K, capacity 3960K, committed 3968K, reserved 1048576K

