# JRE version: Java(TM) SE Runtime Environment (8.0_77-b03) (build 1.8.0_77-b03)
# Java VM: Java HotSpot(TM) 64-Bit Server VM (25.77-b03 mixed mode windows-amd64 compressed oops)
Heap:
 PSYoungGen      total 238592K, used 26452K [0x000000076b580000, 0x0000000786400000, 0x00000007c0000000)
  eden space 221184K, 4% used [0x000000076b580000,0x000000076be5b9d0,0x0000000778d80000)
  from space 17408K, 99% used [0x0000000778d80000,0x0000000779e79970,0x0000000779e80000)
  to   space 25600K, 0% used [0x0000000784b00000,0x0000000784b00000,0x0000000786400000)
 ParOldGen       total 107520K, used 29867K [0x00000006c2000000, 0x00000006c8900000, 0x000000076b580000)
  object space 107520K, 27% used [0x00000006c2000000,0x00000006c3d2aca0,0x00000006c8900000)
 Metaspace       used 25802K, capacity 26498K, committed 26752K, reserved 1073152K
  class space    used 2959K, capacity 3135K, committed 3200K, reserved 1048576K
GC Heap History (10 events):
Event: 1.868 GC heap before
{Heap before GC invocations=4 (full 0):
 PSYoungGen      total 75776K, used 28055K [0x000000076b580000, 0x0000000774980000, 0x00000007c0000000)
  eden space 65024K, 26% used [0x000000076b580000,0x000000076c66bd98,0x000000076f500000)
  from space 10752K, 99% used [0x000000076f500000,0x000000076ff7a020,0x000000076ff80000)
  to   space 10752K, 0% used [0x0000000773f00000,0x0000000773f00000,0x0000000774980000)
 ParOldGen       total 173568K, used 1362K [0x00000006c2000000, 0x00000006cc980000, 0x000000076b580000)
  object space 173568K, 0% used [0x00000006c2000000,0x00000006c2154970,0x00000006cc980000)
 Metaspace       used 20626K, capacity 21090K, committed 21296K, reserved 1069056K
  class space    used 2499K, capacity 2617K, committed 2688K, reserved 1048576K
Event: 1.878 GC heap after
Heap after GC invocations=4 (full 0):
 PSYoungGen      total 140800K, used 10728K [0x000000076b580000, 0x0000000774980000, 0x00000007c0000000)
  eden space 130048K, 0% used [0x000000076b580000,0x000000076b580000,0x0000000773480000)
  from space 10752K, 99% used [0x0000000773f00000,0x000000077497a060,0x0000000774980000)
  to   space 10752K, 0% used [0x0000000773480000,0x0000000773480000,0x0000000773f00000)
 ParOldGen       total 173568K, used 2567K [0x00000006c2000000, 0x00000006cc980000, 0x000000076b580000)
  object space 173568K, 1% used [0x00000006c2000000,0x00000006c2281f10,0x00000006cc980000)
 Metaspace       used 20626K, capacity 21090K, committed 21296K, reserved 1069056K
  class space    used 2499K, capacity 2617K, committed 2688K, reserved 1048576K
}
Event: 1.878 GC heap before
{Heap before GC invocations=5 (full 1):
 PSYoungGen      total 140800K, used 10728K [0x000000076b580000, 0x0000000774980000, 0x00000007c0000000)
  eden space 130048K, 0% used [0x000000076b580000,0x000000076b580000,0x0000000773480000)
  from space 10752K, 99% used [0x0000000773f00000,0x000000077497a060,0x0000000774980000)
  to   space 10752K, 0% used [0x0000000773480000,0x0000000773480000,0x0000000773f00000)
 ParOldGen       total 173568K, used 2567K [0x00000006c2000000, 0x00000006cc980000, 0x000000076b580000)
  object space 173568K, 1% used [0x00000006c2000000,0x00000006c2281f10,0x00000006cc980000)
 Metaspace       used 20626K, capacity 21090K, committed 21296K, reserved 1069056K
  class space    used 2499K, capacity 2617K, committed 2688K, reserved 1048576K
Event: 1.921 GC heap after
Heap after GC invocations=5 (full 1):
 PSYoungGen      total 140800K, used 0K [0x000000076b580000, 0x0000000774980000, 0x00000007c0000000)
  eden space 130048K, 0% used [0x000000076b580000,0x000000076b580000,0x0000000773480000)
  from space 10752K, 0% used [0x0000000773f00000,0x0000000773f00000,0x0000000774980000)
  to   space 10752K, 0% used [0x0000000773480000,0x0000000773480000,0x0000000773f00000)
 ParOldGen       total 107520K, used 11879K [0x00000006c2000000, 0x00000006c8900000, 0x000000076b580000)
  object space 107520K, 11% used [0x00000006c2000000,0x00000006c2b99ee8,0x00000006c8900000)
 Metaspace       used 20626K, capacity 21090K, committed 21296K, reserved 1069056K
  class space    used 2499K, capacity 2617K, committed 2688K, reserved 1048576K
}
Event: 2.311 GC heap before
{Heap before GC invocations=6 (full 1):
 PSYoungGen      total 140800K, used 130048K [0x000000076b580000, 0x0000000774980000, 0x00000007c0000000)
  eden space 130048K, 100% used [0x000000076b580000,0x0000000773480000,0x0000000773480000)
  from space 10752K, 0% used [0x0000000773f00000,0x0000000773f00000,0x0000000774980000)
  to   space 10752K, 0% used [0x0000000773480000,0x0000000773480000,0x0000000773f00000)
 ParOldGen       total 107520K, used 11879K [0x00000006c2000000, 0x00000006c8900000, 0x000000076b580000)
  object space 107520K, 11% used [0x00000006c2000000,0x00000006c2b99ee8,0x00000006c8900000)
 Metaspace       used 22225K, capacity 22658K, committed 22960K, reserved 1069056K
  class space    used 2621K, capacity 2713K, committed 2816K, reserved 1048576K
Event: 2.380 GC heap after
Heap after GC invocations=6 (full 1):
 PSYoungGen      total 140800K, used 10738K [0x000000076b580000, 0x000000077ad80000, 0x00000007c0000000)
  eden space 130048K, 0% used [0x000000076b580000,0x000000076b580000,0x0000000773480000)
  from space 10752K, 99% used [0x0000000773480000,0x0000000773efcbe8,0x0000000773f00000)
  to   space 15360K, 0% used [0x0000000779e80000,0x0000000779e80000,0x000000077ad80000)
 ParOldGen       total 107520K, used 15768K [0x00000006c2000000, 0x00000006c8900000, 0x000000076b580000)
  object space 107520K, 14% used [0x00000006c2000000,0x00000006c2f66208,0x00000006c8900000)
 Metaspace       used 22225K, capacity 22658K, committed 22960K, reserved 1069056K
  class space    used 2621K, capacity 2713K, committed 2816K, reserved 1048576K
}
Event: 2.838 GC heap before
{Heap before GC invocations=7 (full 1):
 PSYoungGen      total 140800K, used 140786K [0x000000076b580000, 0x000000077ad80000, 0x00000007c0000000)
  eden space 130048K, 100% used [0x000000076b580000,0x0000000773480000,0x0000000773480000)
  from space 10752K, 99% used [0x0000000773480000,0x0000000773efcbe8,0x0000000773f00000)
  to   space 15360K, 0% used [0x0000000779e80000,0x0000000779e80000,0x000000077ad80000)
 ParOldGen       total 107520K, used 15768K [0x00000006c2000000, 0x00000006c8900000, 0x000000076b580000)
  object space 107520K, 14% used [0x00000006c2000000,0x00000006c2f66208,0x00000006c8900000)
 Metaspace       used 24040K, capacity 24726K, committed 24832K, reserved 1071104K
  class space    used 2828K, capacity 2973K, committed 3072K, reserved 1048576K
Event: 2.936 GC heap after
Heap after GC invocations=7 (full 1):
 PSYoungGen      total 236544K, used 15329K [0x000000076b580000, 0x000000077bb80000, 0x00000007c0000000)
  eden space 221184K, 0% used [0x000000076b580000,0x000000076b580000,0x0000000778d80000)
  from space 15360K, 99% used [0x0000000779e80000,0x000000077ad787f8,0x000000077ad80000)
  to   space 17408K, 0% used [0x0000000778d80000,0x0000000778d80000,0x0000000779e80000)
 ParOldGen       total 107520K, used 17116K [0x00000006c2000000, 0x00000006c8900000, 0x000000076b580000)
  object space 107520K, 15% used [0x00000006c2000000,0x00000006c30b7378,0x00000006c8900000)
 Metaspace       used 24040K, capacity 24726K, committed 24832K, reserved 1071104K
  class space    used 2828K, capacity 2973K, committed 3072K, reserved 1048576K
}
Event: 4.091 GC heap before
{Heap before GC invocations=8 (full 1):
 PSYoungGen      total 236544K, used 236513K [0x000000076b580000, 0x000000077bb80000, 0x00000007c0000000)
  eden space 221184K, 100% used [0x000000076b580000,0x0000000778d80000,0x0000000778d80000)
  from space 15360K, 99% used [0x0000000779e80000,0x000000077ad787f8,0x000000077ad80000)
  to   space 17408K, 0% used [0x0000000778d80000,0x0000000778d80000,0x0000000779e80000)
 ParOldGen       total 107520K, used 17116K [0x00000006c2000000, 0x00000006c8900000, 0x000000076b580000)
  object space 107520K, 15% used [0x00000006c2000000,0x00000006c30b7378,0x00000006c8900000)
 Metaspace       used 25797K, capacity 26498K, committed 26752K, reserved 1073152K
  class space    used 2959K, capacity 3135K, committed 3200K, reserved 1048576K
Event: 4.121 GC heap after
Heap after GC invocations=8 (full 1):
 PSYoungGen      total 238592K, used 17382K [0x000000076b580000, 0x0000000786400000, 0x00000007c0000000)
  eden space 221184K, 0% used [0x000000076b580000,0x000000076b580000,0x0000000778d80000)
  from space 17408K, 99% used [0x0000000778d80000,0x0000000779e79970,0x0000000779e80000)
  to   space 25600K, 0% used [0x0000000784b00000,0x0000000784b00000,0x0000000786400000)
 ParOldGen       total 107520K, used 29867K [0x00000006c2000000, 0x00000006c8900000, 0x000000076b580000)
  object space 107520K, 27% used [0x00000006c2000000,0x00000006c3d2aca0,0x00000006c8900000)
 Metaspace       used 25797K, capacity 26498K, committed 26752K, reserved 1073152K
  class space    used 2959K, capacity 3135K, committed 3200K, reserved 1048576K
}

